2016-09-16 08:10:52,590 [Worker-3] INFO  o.e.m.c.i.l.LifecycleMappingFactory - Using org.eclipse.m2e.jdt.JarLifecycleMapping lifecycle mapping for MavenProject: com:lunatech.airport-search-app:0.0.1-SNAPSHOT @ /Users/mynocturne/Documents/repos/AirportSearch_Application/lunatech.airport-search-app/pom.xml.
2016-09-16 08:10:54,432 [Worker-3] INFO  o.e.m.j.i.AbstractJavaProjectConfigurator - Adding source folder /lunatech.airport-search-app/src/main/java
2016-09-16 08:10:54,432 [Worker-3] INFO  o.e.m.j.i.AbstractJavaProjectConfigurator - Resources folder /lunatech.airport-search-app/src/main/resources overlaps with sources folder /lunatech.airport-search-app/src/main/resources
2016-09-16 08:10:54,433 [Worker-2] INFO  o.e.m.c.i.l.LifecycleMappingFactory - Using org.eclipse.m2e.jdt.JarLifecycleMapping lifecycle mapping for MavenProject: com:lunatech.airport-search-app:0.0.1-SNAPSHOT @ /Users/mynocturne/Documents/repos/AirportSearch_Application/lunatech.airport-search-app/pom.xml.
2016-09-16 08:10:54,435 [Worker-3] INFO  o.e.m.j.i.AbstractJavaProjectConfigurator - Adding source folder /lunatech.airport-search-app/src/test/java
2016-09-16 08:10:54,435 [Worker-3] INFO  o.e.m.j.i.AbstractJavaProjectConfigurator - Resources folder /lunatech.airport-search-app/src/test/resources overlaps with sources folder /lunatech.airport-search-app/src/test/resources
2016-09-16 08:10:58,273 [Worker-5] INFO  o.e.m.c.i.l.LifecycleMappingFactory - Using org.eclipse.m2e.jdt.JarLifecycleMapping lifecycle mapping for MavenProject: com:lunatech.airport-search-app:0.0.1-SNAPSHOT @ /Users/mynocturne/Documents/repos/AirportSearch_Application/lunatech.airport-search-app/pom.xml.
2016-09-16 08:10:58,486 [Worker-5] INFO  o.e.m.c.i.embedder.EclipseLogger - Using 'UTF-8' encoding to copy filtered resources.
2016-09-16 08:10:58,492 [Worker-5] INFO  o.e.m.c.i.embedder.EclipseLogger - Copying 12 resources
2016-09-16 08:10:58,709 [Worker-5] INFO  o.e.m.c.i.embedder.EclipseLogger - Using 'UTF-8' encoding to copy filtered resources.
2016-09-16 08:10:58,709 [Worker-5] INFO  o.e.m.c.i.embedder.EclipseLogger - Copying 0 resource
2016-09-16 08:12:40,334 [Worker-9] INFO  o.e.m.c.i.embedder.EclipseLogger - Using 'UTF-8' encoding to copy filtered resources.
2016-09-16 08:12:40,336 [Worker-9] INFO  o.e.m.c.i.embedder.EclipseLogger - Copying 12 resources
2016-09-16 08:12:40,438 [Worker-9] INFO  o.e.m.c.i.embedder.EclipseLogger - Using 'UTF-8' encoding to copy filtered resources.
2016-09-16 08:12:40,439 [Worker-9] INFO  o.e.m.c.i.embedder.EclipseLogger - Copying 0 resource
2016-09-16 08:13:02,092 [Worker-3] INFO  o.e.m.c.i.p.ProjectConfigurationManager - Update started
2016-09-16 08:13:02,345 [Worker-3] INFO  o.e.m.c.i.l.LifecycleMappingFactory - Using org.eclipse.m2e.jdt.JarLifecycleMapping lifecycle mapping for MavenProject: com:lunatech.airport-search-app:0.0.1-SNAPSHOT @ /Users/mynocturne/Documents/repos/AirportSearch_Application/lunatech.airport-search-app/pom.xml.
2016-09-16 08:13:02,525 [Worker-3] INFO  o.e.m.j.i.AbstractJavaProjectConfigurator - Adding source folder /lunatech.airport-search-app/src/main/java
2016-09-16 08:13:02,525 [Worker-3] INFO  o.e.m.j.i.AbstractJavaProjectConfigurator - Resources folder /lunatech.airport-search-app/src/main/resources overlaps with sources folder /lunatech.airport-search-app/src/main/resources
2016-09-16 08:13:02,526 [Worker-3] INFO  o.e.m.j.i.AbstractJavaProjectConfigurator - Adding source folder /lunatech.airport-search-app/src/test/java
2016-09-16 08:13:02,526 [Worker-3] INFO  o.e.m.j.i.AbstractJavaProjectConfigurator - Resources folder /lunatech.airport-search-app/src/test/resources overlaps with sources folder /lunatech.airport-search-app/src/test/resources
2016-09-16 08:13:02,594 [Worker-3] INFO  o.e.m.c.i.p.ProjectConfigurationManager - Update completed: 0 sec
2016-09-16 08:13:03,125 [Worker-6] INFO  o.e.m.c.i.embedder.EclipseLogger - Using 'UTF-8' encoding to copy filtered resources.
2016-09-16 08:13:03,268 [Worker-6] INFO  o.e.m.c.i.embedder.EclipseLogger - Copying 12 resources
2016-09-16 08:13:03,271 [Worker-6] INFO  o.e.m.c.i.embedder.EclipseLogger - Using 'UTF-8' encoding to copy filtered resources.
2016-09-16 08:13:03,271 [Worker-6] INFO  o.e.m.c.i.embedder.EclipseLogger - Copying 0 resource
2016-09-16 08:13:23,349 [Worker-0] INFO  o.e.m.c.i.embedder.EclipseLogger - Using 'UTF-8' encoding to copy filtered resources.
2016-09-16 08:13:23,350 [Worker-0] INFO  o.e.m.c.i.embedder.EclipseLogger - Copying 12 resources
2016-09-16 08:13:23,420 [Worker-0] INFO  o.e.m.c.i.embedder.EclipseLogger - Using 'UTF-8' encoding to copy filtered resources.
2016-09-16 08:13:23,420 [Worker-0] INFO  o.e.m.c.i.embedder.EclipseLogger - Copying 0 resource
2016-09-16 08:16:49,683 [Worker-6] INFO  o.e.m.c.i.embedder.EclipseLogger - Using 'UTF-8' encoding to copy filtered resources.
2016-09-16 08:16:49,683 [Worker-6] INFO  o.e.m.c.i.embedder.EclipseLogger - Copying 0 resource
2016-09-16 08:16:49,685 [Worker-6] INFO  o.e.m.c.i.embedder.EclipseLogger - Using 'UTF-8' encoding to copy filtered resources.
2016-09-16 08:16:49,685 [Worker-6] INFO  o.e.m.c.i.embedder.EclipseLogger - Copying 0 resource
2016-09-16 08:17:01,148 [Worker-10] INFO  o.e.m.c.i.embedder.EclipseLogger - Using 'UTF-8' encoding to copy filtered resources.
2016-09-16 08:17:01,148 [Worker-10] INFO  o.e.m.c.i.embedder.EclipseLogger - Copying 0 resource
2016-09-16 08:17:01,149 [Worker-10] INFO  o.e.m.c.i.embedder.EclipseLogger - Using 'UTF-8' encoding to copy filtered resources.
2016-09-16 08:17:01,150 [Worker-10] INFO  o.e.m.c.i.embedder.EclipseLogger - Copying 0 resource
2016-09-16 08:22:23,120 [Worker-3] INFO  o.e.m.c.i.embedder.EclipseLogger - Using 'UTF-8' encoding to copy filtered resources.
2016-09-16 08:22:23,132 [Worker-3] INFO  o.e.m.c.i.embedder.EclipseLogger - Copying 12 resources
2016-09-16 08:22:23,141 [Worker-3] INFO  o.e.m.c.i.embedder.EclipseLogger - Using 'UTF-8' encoding to copy filtered resources.
2016-09-16 08:22:23,142 [Worker-3] INFO  o.e.m.c.i.embedder.EclipseLogger - Copying 0 resource
2016-09-16 08:22:25,307 [Worker-6] INFO  o.e.m.c.i.embedder.EclipseLogger - Using 'UTF-8' encoding to copy filtered resources.
2016-09-16 08:22:25,309 [Worker-6] INFO  o.e.m.c.i.embedder.EclipseLogger - Copying 0 resource
2016-09-16 08:22:25,311 [Worker-6] INFO  o.e.m.c.i.embedder.EclipseLogger - Using 'UTF-8' encoding to copy filtered resources.
2016-09-16 08:22:25,311 [Worker-6] INFO  o.e.m.c.i.embedder.EclipseLogger - Copying 0 resource
2016-09-16 08:22:42,622 [Worker-0] INFO  o.e.m.c.i.embedder.EclipseLogger - Using 'UTF-8' encoding to copy filtered resources.
2016-09-16 08:22:42,626 [Worker-0] INFO  o.e.m.c.i.embedder.EclipseLogger - Copying 12 resources
2016-09-16 08:22:42,628 [Worker-0] INFO  o.e.m.c.i.embedder.EclipseLogger - Using 'UTF-8' encoding to copy filtered resources.
2016-09-16 08:22:42,629 [Worker-0] INFO  o.e.m.c.i.embedder.EclipseLogger - Copying 0 resource
2016-09-16 08:24:06,667 [Worker-7] INFO  o.e.m.c.i.embedder.EclipseLogger - Using 'UTF-8' encoding to copy filtered resources.
2016-09-16 08:24:06,668 [Worker-7] INFO  o.e.m.c.i.embedder.EclipseLogger - Copying 12 resources
2016-09-16 08:24:06,670 [Worker-7] INFO  o.e.m.c.i.embedder.EclipseLogger - Using 'UTF-8' encoding to copy filtered resources.
2016-09-16 08:24:06,671 [Worker-7] INFO  o.e.m.c.i.embedder.EclipseLogger - Copying 0 resource
2016-09-16 08:46:44,463 [Worker-3] INFO  o.e.m.c.i.l.LifecycleMappingFactory - Using org.eclipse.m2e.jdt.JarLifecycleMapping lifecycle mapping for MavenProject: com:lunatech.airport-search-app:0.0.1-SNAPSHOT @ /Users/mynocturne/Documents/repos/AirportSearch_Application/lunatech.airport-search-app/pom.xml.
2016-09-16 08:46:44,940 [Worker-3] INFO  o.e.m.c.i.embedder.EclipseLogger - Using 'UTF-8' encoding to copy filtered resources.
2016-09-16 08:46:44,946 [Worker-3] INFO  o.e.m.c.i.embedder.EclipseLogger - Copying 12 resources
2016-09-16 08:46:45,024 [Worker-3] INFO  o.e.m.c.i.embedder.EclipseLogger - Using 'UTF-8' encoding to copy filtered resources.
2016-09-16 08:46:45,025 [Worker-3] INFO  o.e.m.c.i.embedder.EclipseLogger - Copying 0 resource
2016-09-16 08:46:47,588 [Worker-3] INFO  o.e.m.c.i.l.LifecycleMappingFactory - Using org.eclipse.m2e.jdt.JarLifecycleMapping lifecycle mapping for MavenProject: com:lunatech.airport-search-app:0.0.1-SNAPSHOT @ /Users/mynocturne/Documents/repos/AirportSearch_Application/lunatech.airport-search-app/pom.xml.
2016-09-16 08:46:47,804 [Worker-3] INFO  o.e.m.c.i.embedder.EclipseLogger - Using 'UTF-8' encoding to copy filtered resources.
2016-09-16 08:46:47,805 [Worker-3] INFO  o.e.m.c.i.embedder.EclipseLogger - Copying 0 resource
2016-09-16 08:46:47,806 [Worker-3] INFO  o.e.m.c.i.embedder.EclipseLogger - Using 'UTF-8' encoding to copy filtered resources.
2016-09-16 08:46:47,807 [Worker-3] INFO  o.e.m.c.i.embedder.EclipseLogger - Copying 0 resource
2016-09-16 08:46:49,168 [Worker-3] INFO  o.e.m.c.i.embedder.EclipseLogger - Using 'UTF-8' encoding to copy filtered resources.
2016-09-16 08:46:49,168 [Worker-3] INFO  o.e.m.c.i.embedder.EclipseLogger - Copying 0 resource
2016-09-16 08:46:49,170 [Worker-3] INFO  o.e.m.c.i.embedder.EclipseLogger - Using 'UTF-8' encoding to copy filtered resources.
2016-09-16 08:46:49,170 [Worker-3] INFO  o.e.m.c.i.embedder.EclipseLogger - Copying 0 resource
2016-09-16 09:09:16,710 [Worker-0] INFO  o.e.m.c.i.embedder.EclipseLogger - Using 'UTF-8' encoding to copy filtered resources.
2016-09-16 09:09:16,719 [Worker-0] INFO  o.e.m.c.i.embedder.EclipseLogger - Copying 12 resources
2016-09-16 09:09:16,726 [Worker-0] INFO  o.e.m.c.i.embedder.EclipseLogger - Using 'UTF-8' encoding to copy filtered resources.
2016-09-16 09:09:16,726 [Worker-0] INFO  o.e.m.c.i.embedder.EclipseLogger - Copying 0 resource
2016-09-16 09:09:26,017 [Worker-1] INFO  o.e.m.c.i.embedder.EclipseLogger - Using 'UTF-8' encoding to copy filtered resources.
2016-09-16 09:09:26,020 [Worker-1] INFO  o.e.m.c.i.embedder.EclipseLogger - Copying 0 resource
2016-09-16 09:09:26,022 [Worker-1] INFO  o.e.m.c.i.embedder.EclipseLogger - Using 'UTF-8' encoding to copy filtered resources.
2016-09-16 09:09:26,022 [Worker-1] INFO  o.e.m.c.i.embedder.EclipseLogger - Copying 0 resource
2016-09-16 09:15:57,206 [Worker-3] INFO  o.e.m.c.i.embedder.EclipseLogger - Using 'UTF-8' encoding to copy filtered resources.
2016-09-16 09:15:57,215 [Worker-3] INFO  o.e.m.c.i.embedder.EclipseLogger - Copying 0 resource
2016-09-16 09:15:57,218 [Worker-3] INFO  o.e.m.c.i.embedder.EclipseLogger - Using 'UTF-8' encoding to copy filtered resources.
2016-09-16 09:15:57,218 [Worker-3] INFO  o.e.m.c.i.embedder.EclipseLogger - Copying 0 resource
